2014-08-13T10:01:17.078+0800 Trying to start Windows service 'MongoDB'
2014-08-13T10:01:17.078+0800 Service running
2014-08-13T10:01:17.078+0800 [initandlisten] MongoDB starting : pid=1692 port=27017 dbpath=e:\liveserver\bin\mongodb\data\db 32-bit host=Â¬ÊÀ½Ü
2014-08-13T10:01:17.078+0800 [initandlisten] 
2014-08-13T10:01:17.078+0800 [initandlisten] ** NOTE: This is a 32 bit MongoDB binary.
2014-08-13T10:01:17.078+0800 [initandlisten] **       32 bit builds are limited to less than 2GB of data (or less with --journal).
2014-08-13T10:01:17.078+0800 [initandlisten] **       Note that journaling defaults to off for 32 bit and is currently off.
2014-08-13T10:01:17.078+0800 [initandlisten] **       See http://dochub.mongodb.org/core/32bit
2014-08-13T10:01:17.078+0800 [initandlisten] 
2014-08-13T10:01:17.078+0800 [initandlisten] ** NOTE: your operating system version does not support the method that MongoDB
2014-08-13T10:01:17.078+0800 [initandlisten] **       uses to detect impending page faults.
2014-08-13T10:01:17.078+0800 [initandlisten] **       This may result in slower performance for certain use cases
2014-08-13T10:01:17.078+0800 [initandlisten] 
2014-08-13T10:01:17.078+0800 [initandlisten] targetMinOS: Windows XP SP3
2014-08-13T10:01:17.078+0800 [initandlisten] db version v2.6.3
2014-08-13T10:01:17.078+0800 [initandlisten] git version: 255f67a66f9603c59380b2a389e386910bbb52cb
2014-08-13T10:01:17.078+0800 [initandlisten] build info: windows sys.getwindowsversion(major=6, minor=1, build=7601, platform=2, service_pack='Service Pack 1') BOOST_LIB_VERSION=1_49
2014-08-13T10:01:17.078+0800 [initandlisten] allocator: system
2014-08-13T10:01:17.078+0800 [initandlisten] options: { service: true, storage: { dbPath: "e:\liveserver\bin\mongodb\data\db" }, systemLog: { destination: "file", path: "e:\liveserver\bin\mongodb\data\log\mongodb.log" } }
2014-08-13T10:01:17.828+0800 [initandlisten] exception in initAndListen: 12596 old lock file, terminating
2014-08-13T10:01:17.828+0800 [initandlisten] dbexit: 
2014-08-13T10:01:17.828+0800 [initandlisten] shutdown: going to close listening sockets...
2014-08-13T10:01:17.859+0800 [initandlisten] shutdown: going to flush diaglog...
2014-08-13T10:01:17.859+0800 [initandlisten] shutdown: going to close sockets...
2014-08-13T10:01:17.859+0800 [initandlisten] shutdown: waiting for fs preallocator...
2014-08-13T10:01:17.859+0800 [initandlisten] shutdown: closing all files...
2014-08-13T10:01:17.859+0800 [initandlisten] closeAllFiles() finished
2014-08-13T10:01:17.906+0800 [initandlisten] dbexit: really exiting now
